Build started 2/24/2015 6:10:15 PM.
     1>Project "C:\Users\Jacob\OneDrive\Documents\UAT Work\CSC215\Assignment 2_1\Assignment 2_1\Assignment 2_1.vcxproj" on node 2 (Build target(s)).
     1>ClCompile:
         C:\Program Files (x86)\Microsoft Visual Studio 12.0\VC\bin\CL.exe /c /ZI /nologo /W3 /WX- /sdl /Od /Oy- /D WIN32 /D _DEBUG /D _CONSOLE /D _LIB /D _UNICODE /D UNICODE /Gm /EHsc /RTC1 /MDd /GS /fp:precise /Zc:wchar_t /Zc:forScope /Fo"Debug\\" /Fd"Debug\vc120.pdb" /Gd /TP /analyze- /errorReport:prompt Arrays.cpp main.cpp
         main.cpp
         Generating Code...
         Compiling...
         Arrays.cpp
     1>c:\users\jacob\onedrive\documents\uat work\csc215\assignment 2_1\assignment 2_1\arrays.cpp(16): warning C4244: 'argument' : conversion from 'time_t' to 'unsigned int', possible loss of data
     1>c:\users\jacob\onedrive\documents\uat work\csc215\assignment 2_1\assignment 2_1\arrays.cpp(20): warning C4018: '<' : signed/unsigned mismatch
     1>c:\users\jacob\onedrive\documents\uat work\csc215\assignment 2_1\assignment 2_1\arrays.cpp(34): warning C4018: '<' : signed/unsigned mismatch
         Generating Code...
       Link:
         C:\Program Files (x86)\Microsoft Visual Studio 12.0\VC\bin\link.exe /ERRORREPORT:PROMPT /OUT:"C:\Users\Jacob\OneDrive\Documents\UAT Work\CSC215\Assignment 2_1\Debug\Assignment 2_1.exe" /INCREMENTAL /NOLOGO kernel32.lib user32.lib gdi32.lib winspool.lib comdlg32.lib advapi32.lib shell32.lib ole32.lib oleaut32.lib uuid.lib odbc32.lib odbccp32.lib /MANIFEST /MANIFESTUAC:"level='asInvoker' uiAccess='false'" /manifest:embed /DEBUG /PDB:"C:\Users\Jacob\OneDrive\Documents\UAT Work\CSC215\Assignment 2_1\Debug\Assignment 2_1.pdb" /SUBSYSTEM:CONSOLE /TLBID:1 /DYNAMICBASE /NXCOMPAT /IMPLIB:"C:\Users\Jacob\OneDrive\Documents\UAT Work\CSC215\Assignment 2_1\Debug\Assignment 2_1.lib" /MACHINE:X86 Debug\Arrays.obj
         Debug\main.obj
     1>main.obj : error LNK2019: unresolved external symbol "int * __cdecl mergeArrays(int *,int *)" (?mergeArrays@@YAPAHPAH0@Z) referenced in function _main
     1>C:\Users\Jacob\OneDrive\Documents\UAT Work\CSC215\Assignment 2_1\Debug\Assignment 2_1.exe : fatal error LNK1120: 1 unresolved externals
     1>Done Building Project "C:\Users\Jacob\OneDrive\Documents\UAT Work\CSC215\Assignment 2_1\Assignment 2_1\Assignment 2_1.vcxproj" (Build target(s)) -- FAILED.

Build FAILED.

Time Elapsed 00:00:05.37
